# JRE version: OpenJDK Runtime Environment (8.0_202-b03) (build 1.8.0_202-release-1483-b03)
# Java VM: OpenJDK 64-Bit Server VM (25.202-b03 mixed mode windows-amd64 compressed oops)
Heap:
 PSYoungGen      total 220672K, used 109259K [0x00000000e0000000, 0x00000000eef00000, 0x0000000100000000)
  eden space 203776K, 53% used [0x00000000e0000000,0x00000000e6ab2e78,0x00000000ec700000)
  from space 16896K, 0% used [0x00000000edb80000,0x00000000edb80000,0x00000000eec00000)
  to   space 20480K, 0% used [0x00000000ec700000,0x00000000ec700000,0x00000000edb00000)
 ParOldGen       total 134656K, used 33116K [0x00000000a0000000, 0x00000000a8380000, 0x00000000e0000000)
  object space 134656K, 24% used [0x00000000a0000000,0x00000000a2057128,0x00000000a8380000)
 Metaspace       used 61944K, capacity 63686K, committed 63960K, reserved 1103872K
  class space    used 8165K, capacity 8588K, committed 8704K, reserved 1048576K
GC Heap History (10 events):
Event: 30.524 GC heap before
{Heap before GC invocations=9 (full 1):
 PSYoungGen      total 141312K, used 28084K [0x00000000e0000000, 0x00000000eb180000, 0x0000000100000000)
  eden space 129536K, 13% used [0x00000000e0000000,0x00000000e10accb8,0x00000000e7e80000)
  from space 11776K, 93% used [0x00000000e7e80000,0x00000000e89406c0,0x00000000e8a00000)
  to   space 12800K, 0% used [0x00000000ea500000,0x00000000ea500000,0x00000000eb180000)
 ParOldGen       total 64512K, used 10333K [0x00000000a0000000, 0x00000000a3f00000, 0x00000000e0000000)
  object space 64512K, 16% used [0x00000000a0000000,0x00000000a0a17648,0x00000000a3f00000)
 Metaspace       used 34559K, capacity 35178K, committed 35416K, reserved 1079296K
  class space    used 4750K, capacity 4934K, committed 4992K, reserved 1048576K
Event: 30.611 GC heap after
Heap after GC invocations=9 (full 1):
 PSYoungGen      total 168960K, used 8066K [0x00000000e0000000, 0x00000000ee900000, 0x0000000100000000)
  eden space 156160K, 0% used [0x00000000e0000000,0x00000000e0000000,0x00000000e9880000)
  from space 12800K, 63% used [0x00000000ea500000,0x00000000eace0b18,0x00000000eb180000)
  to   space 12800K, 0% used [0x00000000e9880000,0x00000000e9880000,0x00000000ea500000)
 ParOldGen       total 64512K, used 10341K [0x00000000a0000000, 0x00000000a3f00000, 0x00000000e0000000)
  object space 64512K, 16% used [0x00000000a0000000,0x00000000a0a19648,0x00000000a3f00000)
 Metaspace       used 34559K, capacity 35178K, committed 35416K, reserved 1079296K
  class space    used 4750K, capacity 4934K, committed 4992K, reserved 1048576K
}
Event: 30.611 GC heap before
{Heap before GC invocations=10 (full 2):
 PSYoungGen      total 168960K, used 8066K [0x00000000e0000000, 0x00000000ee900000, 0x0000000100000000)
  eden space 156160K, 0% used [0x00000000e0000000,0x00000000e0000000,0x00000000e9880000)
  from space 12800K, 63% used [0x00000000ea500000,0x00000000eace0b18,0x00000000eb180000)
  to   space 12800K, 0% used [0x00000000e9880000,0x00000000e9880000,0x00000000ea500000)
 ParOldGen       total 64512K, used 10341K [0x00000000a0000000, 0x00000000a3f00000, 0x00000000e0000000)
  object space 64512K, 16% used [0x00000000a0000000,0x00000000a0a19648,0x00000000a3f00000)
 Metaspace       used 34559K, capacity 35178K, committed 35416K, reserved 1079296K
  class space    used 4750K, capacity 4934K, committed 4992K, reserved 1048576K
Event: 30.869 GC heap after
Heap after GC invocations=10 (full 2):
 PSYoungGen      total 168960K, used 0K [0x00000000e0000000, 0x00000000ee900000, 0x0000000100000000)
  eden space 156160K, 0% used [0x00000000e0000000,0x00000000e0000000,0x00000000e9880000)
  from space 12800K, 0% used [0x00000000ea500000,0x00000000ea500000,0x00000000eb180000)
  to   space 12800K, 0% used [0x00000000e9880000,0x00000000e9880000,0x00000000ea500000)
 ParOldGen       total 90112K, used 14780K [0x00000000a0000000, 0x00000000a5800000, 0x00000000e0000000)
  object space 90112K, 16% used [0x00000000a0000000,0x00000000a0e6f250,0x00000000a5800000)
 Metaspace       used 34559K, capacity 35178K, committed 35416K, reserved 1079296K
  class space    used 4750K, capacity 4934K, committed 4992K, reserved 1048576K
}
Event: 43.095 GC heap before
{Heap before GC invocations=11 (full 2):
 PSYoungGen      total 168960K, used 156160K [0x00000000e0000000, 0x00000000ee900000, 0x0000000100000000)
  eden space 156160K, 100% used [0x00000000e0000000,0x00000000e9880000,0x00000000e9880000)
  from space 12800K, 0% used [0x00000000ea500000,0x00000000ea500000,0x00000000eb180000)
  to   space 12800K, 0% used [0x00000000e9880000,0x00000000e9880000,0x00000000ea500000)
 ParOldGen       total 90112K, used 14780K [0x00000000a0000000, 0x00000000a5800000, 0x00000000e0000000)
  object space 90112K, 16% used [0x00000000a0000000,0x00000000a0e6f250,0x00000000a5800000)
 Metaspace       used 49451K, capacity 50628K, committed 50776K, reserved 1093632K
  class space    used 6663K, capacity 6963K, committed 7040K, reserved 1048576K
Event: 43.254 GC heap after
Heap after GC invocations=11 (full 2):
 PSYoungGen      total 168960K, used 12797K [0x00000000e0000000, 0x00000000eec00000, 0x0000000100000000)
  eden space 156160K, 0% used [0x00000000e0000000,0x00000000e0000000,0x00000000e9880000)
  from space 12800K, 99% used [0x00000000e9880000,0x00000000ea4ff460,0x00000000ea500000)
  to   space 16896K, 0% used [0x00000000edb80000,0x00000000edb80000,0x00000000eec00000)
 ParOldGen       total 90112K, used 21928K [0x00000000a0000000, 0x00000000a5800000, 0x00000000e0000000)
  object space 90112K, 24% used [0x00000000a0000000,0x00000000a156a178,0x00000000a5800000)
 Metaspace       used 49451K, capacity 50628K, committed 50776K, reserved 1093632K
  class space    used 6663K, capacity 6963K, committed 7040K, reserved 1048576K
}
Event: 51.950 GC heap before
{Heap before GC invocations=12 (full 2):
 PSYoungGen      total 168960K, used 118033K [0x00000000e0000000, 0x00000000eec00000, 0x0000000100000000)
  eden space 156160K, 67% used [0x00000000e0000000,0x00000000e66c5090,0x00000000e9880000)
  from space 12800K, 99% used [0x00000000e9880000,0x00000000ea4ff460,0x00000000ea500000)
  to   space 16896K, 0% used [0x00000000edb80000,0x00000000edb80000,0x00000000eec00000)
 ParOldGen       total 90112K, used 21928K [0x00000000a0000000, 0x00000000a5800000, 0x00000000e0000000)
  object space 90112K, 24% used [0x00000000a0000000,0x00000000a156a178,0x00000000a5800000)
 Metaspace       used 57211K, capacity 58832K, committed 58968K, reserved 1099776K
  class space    used 7787K, capacity 8197K, committed 8320K, reserved 1048576K
Event: 51.995 GC heap after
Heap after GC invocations=12 (full 2):
 PSYoungGen      total 220672K, used 16866K [0x00000000e0000000, 0x00000000eef00000, 0x0000000100000000)
  eden space 203776K, 0% used [0x00000000e0000000,0x00000000e0000000,0x00000000ec700000)
  from space 16896K, 99% used [0x00000000edb80000,0x00000000eebf8a90,0x00000000eec00000)
  to   space 20480K, 0% used [0x00000000ec700000,0x00000000ec700000,0x00000000edb00000)
 ParOldGen       total 90112K, used 24879K [0x00000000a0000000, 0x00000000a5800000, 0x00000000e0000000)
  object space 90112K, 27% used [0x00000000a0000000,0x00000000a184bd30,0x00000000a5800000)
 Metaspace       used 57211K, capacity 58832K, committed 58968K, reserved 1099776K
  class space    used 7787K, capacity 8197K, committed 8320K, reserved 1048576K
}
Event: 51.995 GC heap before
{Heap before GC invocations=13 (full 3):
 PSYoungGen      total 220672K, used 16866K [0x00000000e0000000, 0x00000000eef00000, 0x0000000100000000)
  eden space 203776K, 0% used [0x00000000e0000000,0x00000000e0000000,0x00000000ec700000)
  from space 16896K, 99% used [0x00000000edb80000,0x00000000eebf8a90,0x00000000eec00000)
  to   space 20480K, 0% used [0x00000000ec700000,0x00000000ec700000,0x00000000edb00000)
 ParOldGen       total 90112K, used 24879K [0x00000000a0000000, 0x00000000a5800000, 0x00000000e0000000)
  object space 90112K, 27% used [0x00000000a0000000,0x00000000a184bd30,0x00000000a5800000)
 Metaspace       used 57211K, capacity 58832K, committed 58968K, reserved 1099776K
  class space    used 7787K, capacity 8197K, committed 8320K, reserved 1048576K
Event: 52.575 GC heap after
Heap after GC invocations=13 (full 3):
 PSYoungGen      total 220672K, used 0K [0x00000000e0000000, 0x00000000eef00000, 0x0000000100000000)
  eden space 203776K, 0% used [0x00000000e0000000,0x00000000e0000000,0x00000000ec700000)
  from space 16896K, 0% used [0x00000000edb80000,0x00000000edb80000,0x00000000eec00000)
  to   space 20480K, 0% used [0x00000000ec700000,0x00000000ec700000,0x00000000edb00000)
 ParOldGen       total 134656K, used 33116K [0x00000000a0000000, 0x00000000a8380000, 0x00000000e0000000)
  object space 134656K, 24% used [0x00000000a0000000,0x00000000a2057128,0x00000000a8380000)
 Metaspace       used 57161K, capacity 58688K, committed 58968K, reserved 1099776K
  class space    used 7773K, capacity 8171K, committed 8320K, reserved 1048576K
}

